c:\users\matej\source\repos\opengl_game\x64\debug\vc142.pdb
c:\users\matej\source\repos\opengl_game\x64\debug\vc142.idb
c:\users\matej\source\repos\opengl_game\x64\debug\main.obj
c:\users\matej\source\repos\opengl_game\x64\debug\opengl_game.obj
c:\users\matej\source\repos\opengl_game\x64\debug\opengl_game.tlog\cl.command.1.tlog
c:\users\matej\source\repos\opengl_game\x64\debug\opengl_game.tlog\cl.read.1.tlog
c:\users\matej\source\repos\opengl_game\x64\debug\opengl_game.tlog\cl.write.1.tlog
c:\users\matej\source\repos\opengl_game\x64\debug\opengl_game.tlog\link-cvtres.read.1.tlog
c:\users\matej\source\repos\opengl_game\x64\debug\opengl_game.tlog\link-cvtres.write.1.tlog
c:\users\matej\source\repos\opengl_game\x64\debug\opengl_game.tlog\link-rc.read.1.tlog
c:\users\matej\source\repos\opengl_game\x64\debug\opengl_game.tlog\link-rc.write.1.tlog
c:\users\matej\source\repos\opengl_game\x64\debug\opengl_game.tlog\link.2200-cvtres.read.1.tlog
c:\users\matej\source\repos\opengl_game\x64\debug\opengl_game.tlog\link.2200-cvtres.write.1.tlog
c:\users\matej\source\repos\opengl_game\x64\debug\opengl_game.tlog\link.2200-rc.read.1.tlog
c:\users\matej\source\repos\opengl_game\x64\debug\opengl_game.tlog\link.2200-rc.write.1.tlog
c:\users\matej\source\repos\opengl_game\x64\debug\opengl_game.tlog\link.2200.read.1.tlog
c:\users\matej\source\repos\opengl_game\x64\debug\opengl_game.tlog\link.2200.write.1.tlog
c:\users\matej\source\repos\opengl_game\x64\debug\opengl_game.tlog\link.command.1.tlog
c:\users\matej\source\repos\opengl_game\x64\debug\opengl_game.tlog\link.read.1.tlog
c:\users\matej\source\repos\opengl_game\x64\debug\opengl_game.tlog\link.write.1.tlog
